22:41:25.510 [main] DEBUG org.testng.TestNG - suiteXmlPath: "C:\Users\SIDDHA~1\AppData\Local\Temp\testng-eclipse-138966563\testng-customsuite.xml"
22:41:25.693 [main] INFO  org.testng.internal.Utils - [Utils] MethodGroupsHelper.collectMethodsByGroup() took 0 ms.
22:41:25.701 [main] INFO  org.testng.internal.Utils - [Utils] MethodGroupsHelper.sortMethods() took 2 ms.
22:41:25.703 [main] INFO  org.testng.internal.Utils - [Utils] MethodGroupsHelper.collectMethodsByGroup() took 0 ms.
22:41:25.703 [main] INFO  org.testng.internal.Utils - [Utils] MethodGroupsHelper.sortMethods() took 0 ms.
22:41:25.703 [main] INFO  org.testng.internal.Utils - [Utils] MethodGroupsHelper.collectMethodsByGroup() took 0 ms.
22:41:25.703 [main] INFO  org.testng.internal.Utils - [Utils] MethodGroupsHelper.sortMethods() took 0 ms.
22:41:25.703 [main] INFO  org.testng.internal.Utils - [Utils] MethodGroupsHelper.collectMethodsByGroup() took 0 ms.
22:41:25.703 [main] INFO  org.testng.internal.Utils - [Utils] MethodGroupsHelper.sortMethods() took 0 ms.
22:41:25.703 [main] INFO  org.testng.internal.Utils - [Utils] MethodGroupsHelper.collectMethodsByGroup() took 0 ms.
22:41:25.703 [main] INFO  org.testng.internal.Utils - [Utils] MethodGroupsHelper.sortMethods() took 0 ms.
22:41:25.704 [main] INFO  org.testng.internal.Utils - [Utils] MethodGroupsHelper.collectMethodsByGroup() took 0 ms.
22:41:25.704 [main] INFO  org.testng.internal.Utils - [Utils] MethodGroupsHelper.sortMethods() took 0 ms.
22:41:25.704 [main] INFO  org.testng.internal.Utils - [Utils] MethodGroupsHelper.collectMethodsByGroup() took 0 ms.
22:41:25.704 [main] INFO  org.testng.internal.Utils - [Utils] MethodGroupsHelper.sortMethods() took 0 ms.
22:41:25.704 [main] INFO  org.testng.internal.Utils - [Utils] MethodGroupsHelper.collectMethodsByGroup() took 0 ms.
22:41:25.704 [main] INFO  org.testng.internal.Utils - [Utils] MethodGroupsHelper.sortMethods() took 0 ms.
22:41:25.707 [main] INFO  org.testng.internal.Utils - [Utils] MethodGroupsHelper.collectMethodsByGroup() took 0 ms.
22:41:25.708 [main] INFO  org.testng.internal.Utils - [Utils] MethodGroupsHelper.sortMethods() took 0 ms.
22:41:25.708 [main] INFO  org.testng.internal.Utils - [Utils] MethodGroupsHelper.collectMethodsByGroup() took 0 ms.
22:41:25.708 [main] INFO  org.testng.internal.Utils - [Utils] MethodGroupsHelper.sortMethods() took 0 ms.
22:41:25.710 [main] INFO  org.testng.internal.Utils - [Utils] MethodGroupsHelper.collectMethodsByGroup() took 0 ms.
22:41:25.711 [main] INFO  org.testng.internal.Utils - [Utils] MethodGroupsHelper.sortMethods() took 0 ms.
22:41:25.711 [main] INFO  org.testng.internal.Utils - [Utils] MethodGroupsHelper.collectMethodsByGroup() took 0 ms.
22:41:25.711 [main] INFO  org.testng.internal.Utils - [Utils] MethodGroupsHelper.sortMethods() took 0 ms.
22:41:25.718 [main] INFO  org.testng.internal.Utils - [Utils] MethodGroupsHelper.collectMethodsByGroup() took 4 ms.
22:41:25.718 [main] DEBUG org.testng.internal.Graph - [Graph] ADDING NODE AppTest.testCreateUser()[pri:2, instance:com.simplilearn.RestAssured_Reqres.AppTest@55634720] -1078516146
22:41:25.719 [main] DEBUG org.testng.internal.Graph - [Graph] ADDING NODE AppTest.testGetUsers()[pri:1, instance:com.simplilearn.RestAssured_Reqres.AppTest@55634720] -1932768333
22:41:25.719 [main] DEBUG org.testng.internal.Graph - [Graph] ================ SORTING
22:41:25.725 [main] DEBUG org.testng.internal.Graph - [Graph] =============== DONE SORTING
22:41:25.725 [main] DEBUG org.testng.internal.Graph - [Graph] ====== SORTED NODES
22:41:25.725 [main] DEBUG org.testng.internal.Graph - [Graph] ====== END SORTED NODES
22:41:25.725 [main] INFO  org.testng.internal.Utils - [Utils] MethodGroupsHelper.sortMethods() took 7 ms.
22:41:25.727 [main] INFO  org.testng.internal.Utils - [Utils] MethodGroupsHelper.collectMethodsByGroup() took 0 ms.
22:41:25.727 [main] INFO  org.testng.internal.Utils - [Utils] MethodGroupsHelper.sortMethods() took 0 ms.
22:41:25.727 [main] INFO  org.testng.internal.Utils - [Utils] MethodGroupsHelper.collectMethodsByGroup() took 0 ms.
22:41:25.727 [main] INFO  org.testng.internal.Utils - [Utils] MethodGroupsHelper.sortMethods() took 0 ms.
22:41:25.742 [main] INFO  org.testng.internal.Utils - [TestNG] Running:
  C:\Users\Siddhartha Ammula\AppData\Local\Temp\testng-eclipse-138966563\testng-customsuite.xml

22:41:25.769 [main] INFO  org.testng.internal.Utils - [Utils] DynamicGraphHelper.createDynamicGraph() took 4 ms.
22:41:27.113 [main] INFO  c.s.RestAssured_Reqres.AppTest - Test case 'testGetUsers' executed
22:41:27.465 [main] INFO  c.s.RestAssured_Reqres.AppTest - Test case 'testCreateUser' executed
22:41:27.486 [main] INFO  org.testng.internal.Utils - [TestNG] Time taken by org.testng.internal.ExitCodeListener@404db674: 0 ms
22:41:27.504 [main] INFO  org.testng.internal.Utils - [TestNG] Time taken by org.testng.reporters.SuiteHTMLReporter@1f1e58ca: 18 ms
22:41:27.532 [main] ERROR org.testng.reporters.jq.Main - D:\Course_work\Projects\Project-2\RestAssured-Reqres\test-output\jquery-3.6.0.min.js
java.nio.file.FileAlreadyExistsException: D:\Course_work\Projects\Project-2\RestAssured-Reqres\test-output\jquery-3.6.0.min.js
	at java.base/sun.nio.fs.WindowsException.translateToIOException(WindowsException.java:87)
	at java.base/sun.nio.fs.WindowsException.rethrowAsIOException(WindowsException.java:103)
	at java.base/sun.nio.fs.WindowsException.rethrowAsIOException(WindowsException.java:108)
	at java.base/sun.nio.fs.WindowsFileSystemProvider.newByteChannel(WindowsFileSystemProvider.java:234)
	at java.base/java.nio.file.spi.FileSystemProvider.newOutputStream(FileSystemProvider.java:484)
	at java.base/java.nio.file.Files.newOutputStream(Files.java:227)
	at java.base/java.nio.file.Files.copy(Files.java:3135)
	at org.testng.reporters.jq.Main.generateReport(Main.java:95)
	at org.testng.TestNG.generateReports(TestNG.java:1134)
	at org.testng.TestNG.run(TestNG.java:1072)
	at org.testng.remote.AbstractRemoteTestNG.run(AbstractRemoteTestNG.java:115)
	at org.testng.remote.RemoteTestNG.initAndRun(RemoteTestNG.java:251)
	at org.testng.remote.RemoteTestNG.main(RemoteTestNG.java:77)
22:41:27.533 [main] INFO  org.testng.internal.Utils - [TestNG] Time taken by org.testng.reporters.jq.Main@459b6c53: 29 ms
22:41:27.534 [main] INFO  org.testng.internal.Utils - [TestNG] Time taken by org.testng.reporters.FailedReporter@39e69ea7: 1 ms
22:41:27.547 [main] INFO  org.testng.internal.Utils - [TestNG] Time taken by org.testng.reporters.XMLReporter@51b01550: 13 ms
22:41:27.554 [main] INFO  org.testng.internal.Utils - [TestNG] Time taken by org.testng.reporters.EmailableReporter2@770beef5: 7 ms
22:41:27.558 [main] INFO  org.testng.internal.Utils - [TestNG] Time taken by org.testng.reporters.JUnitReportReporter@310aee0b: 4 ms
